Tue Jun 23 09:11:07 PM EDT 2026
c0709a-s30.ufhpc
LX: 2.00000000
MAXlevel: 15
Us: 0.14246680
Re: 29.02444529
Ca: 0.01431047
T0: 0.66666667
10 9.09091e-07 0 0 0 4194304 2.25033 1.86386e+06

Pressure Residuals 
Velocity Residuals 
10 1.73453e-06 3 0 2 4194304 2.49117 3.36733e+06

Pressure Residuals  	 - 	 3 1.33035e+09 1.02341e+07 5.0657 3 
Velocity Residuals  	 - 	 2 0.0906459 5.13478e-16 1.32866e+07 4 
10 2.48099e-06 3 0 2 4194304 2.70747 4.64748e+06

Pressure Residuals  	 - 	 3 4.20117e+08 5.90733e+06 4.14311 3 
Velocity Residuals  	 - 	 2 0.175219 1.48909e-14 3.43029e+06 4 
10 3.16839e-06 2 0 2 4194304 2.9234 5.73893e+06

Pressure Residuals  	 - 	 2 2.11181e+08 7.25143e+06 5.39654 3 
Velocity Residuals  	 - 	 2 0.181158 5.973e-14 1.74153e+06 4 
10 3.78514e-06 3 0 2 4194304 3.15238 6.6526e+06

Pressure Residuals  	 - 	 3 1.23233e+08 1.41148e+06 4.43627 3 
Velocity Residuals  	 - 	 2 0.17158 1.21205e-13 1.1898e+06 4 
10 4.35208e-06 3 0 2 4194304 3.38004 7.44542e+06

Pressure Residuals  	 - 	 3 7.97467e+07 1.0904e+06 4.18192 3 
Velocity Residuals  	 - 	 2 0.172624 2.70204e-13 799290 4 
10 4.84517e-06 2 0 2 4194304 3.58631 8.18671e+06

Pressure Residuals  	 - 	 2 5.29812e+07 1.42429e+06 6.09904 3 
Velocity Residuals  	 - 	 2 0.177043 4.86541e-13 603225 4 
10 5.31916e-06 3 0 2 4194304 3.81766 8.78927e+06

Pressure Residuals  	 - 	 3 4.04258e+07 591462 4.08862 3 
Velocity Residuals  	 - 	 2 0.187311 7.82832e-13 489155 4 
10 5.72591e-06 2 0 2 4194304 4.03504 9.35523e+06

Pressure Residuals  	 - 	 2 2.84602e+07 1.24746e+06 4.77644 3 
Velocity Residuals  	 - 	 2 0.1999 1.25307e-12 399409 4 
10 6.12455e-06 2 0 2 4194304 4.24463 9.88143e+06

Pressure Residuals  	 - 	 2 3.25236e+07 2.06413e+06 3.96945 4 
Velocity Residuals  	 - 	 2 0.215479 1.81206e-12 344839 4 
10 6.45339e-06 3 0 2 4194304 4.47482 1.03104e+07

Pressure Residuals  	 - 	 3 3.30106e+07 196005 5.52241 4 
Velocity Residuals  	 - 	 2 0.226609 2.35758e-12 310031 4 
10.0001 6.77377e-06 2 0 2 4194304 4.68627 1.07402e+07

Pressure Residuals  	 - 	 2 2.85499e+07 1.56365e+06 4.273 4 
Velocity Residuals  	 - 	 2 0.239969 3.09977e-12 278236 4 
10.0001 7.07707e-06 2 0 2 4194304 4.9076 1.11105e+07

Pressure Residuals  	 - 	 2 3.31877e+07 1.58499e+06 4.57588 4 
Velocity Residuals  	 - 	 2 0.252244 4.04017e-12 249868 4 
10.0001 7.35352e-06 2 0 2 4194304 5.12994 1.14466e+07

Pressure Residuals  	 - 	 2 3.33982e+07 1.16093e+06 5.36363 4 
Velocity Residuals  	 - 	 2 0.26376 5.06377e-12 228227 4 
10.0001 7.59266e-06 2 0 2 4194304 5.34892 1.17621e+07

Pressure Residuals  	 - 	 2 1.23779e+07 766330 4.01897 4 
Velocity Residuals  	 - 	 2 0.27313 6.11798e-12 211291 4 
10.0001 7.78407e-06 3 0 2 4194304 5.58539 1.20151e+07

Pressure Residuals  	 - 	 3 3.43825e+07 240206 5.231 4 
Velocity Residuals  	 - 	 2 0.280926 7.13663e-12 198404 4 
10.0001 7.98713e-06 2 0 2 4194304 5.79615 1.23018e+07

Pressure Residuals  	 - 	 2 2.94838e+07 986250 5.46762 4 
Velocity Residuals  	 - 	 2 0.291003 8.50093e-12 185019 4 
10.0001 8.12976e-06 3 0 2 4194304 6.02076 1.25395e+07

Pressure Residuals  	 - 	 3 2.96535e+07 199611 5.2962 4 
Velocity Residuals  	 - 	 2 0.296706 9.40377e-12 177628 4 
10.0001 8.35559e-06 2 0 2 4194304 6.24506 1.27608e+07

Pressure Residuals  	 - 	 2 2.48692e+07 1.34056e+06 4.30714 4 
Velocity Residuals  	 - 	 2 0.310592 1.14673e-11 164576 4 
10.0001 8.43442e-06 2 0 2 4194304 6.46809 1.29692e+07

Pressure Residuals  	 - 	 2 1.68594e+07 1.3841e+06 3.49009 4 
Velocity Residuals  	 - 	 2 0.311501 1.18863e-11 161885 4 
10.0001 8.59819e-06 2 0 2 4194304 6.69104 1.31639e+07

Pressure Residuals  	 - 	 2 1.58821e+07 942772 4.1044 5 
Velocity Residuals  	 - 	 2 0.323447 1.36676e-11 153835 4 
10.0001 8.77015e-06 2 0 2 4194304 6.92279 1.33291e+07

Pressure Residuals  	 - 	 2 4.67638e+07 982982 6.89734 5 
Velocity Residuals  	 - 	 2 0.334584 1.59008e-11 145058 4 
10.0001 8.85965e-06 2 0 2 4194304 7.13694 1.35169e+07

Pressure Residuals  	 - 	 2 4.67985e+07 1.13944e+06 6.40869 5 
Velocity Residuals  	 - 	 2 0.33917 1.68111e-11 142040 4 
10.0001 8.95193e-06 3 0 2 4194304 7.37284 1.36533e+07

Pressure Residuals  	 - 	 3 4.70407e+07 120163 7.31534 5 
Velocity Residuals  	 - 	 2 0.347499 1.80662e-11 138690 4 
10.0002 9.04717e-06 2 0 2 4194304 7.59284 1.38101e+07

Pressure Residuals  	 - 	 2 4.68684e+07 999910 6.84636 5 
Velocity Residuals  	 - 	 2 0.322147 1.51063e-11 146032 4 
10.0002 9.14551e-06 3 0 2 4194304 7.82488 1.39366e+07

Pressure Residuals  	 - 	 3 3.24428e+07 102292 6.81959 5 
Velocity Residuals  	 - 	 2 0.233973 1.17825e-11 140917 4 
10.0002 9.14551e-06 3 0 2 4194304 8.05264 1.40632e+07

Pressure Residuals  	 - 	 3 4.63464e+07 101444 7.70187 5 
Velocity Residuals  	 - 	 2 0.182661 1.26881e-11 119984 4 
10.0002 9.24826e-06 3 0 2 4194304 8.29544 1.41572e+07

Pressure Residuals  	 - 	 3 3.09489e+07 107681 6.59936 5 
Velocity Residuals  	 - 	 2 0.190781 1.40157e-11 116670 4 
10.0002 9.35457e-06 3 0 2 4194304 8.52375 1.42701e+07

Pressure Residuals  	 - 	 3 2.26195e+07 102269 6.04756 5 
Velocity Residuals  	 - 	 2 0.197207 1.46215e-11 116135 4 
10.0002 9.35457e-06 2 0 2 4194304 8.74813 1.43835e+07

Pressure Residuals  	 - 	 2 1.54866e+07 504898 5.53829 5 
Velocity Residuals  	 - 	 2 0.199281 1.45394e-11 117074 4 
10.0002 9.46593e-06 2 0 2 4194304 8.97549 1.44865e+07

Pressure Residuals  	 - 	 2 2.04732e+07 537194 6.17344 5 
Velocity Residuals  	 - 	 2 0.206985 1.67985e-11 111003 4 
10.0002 9.46593e-06 2 0 2 4194304 9.20296 1.45842e+07

Pressure Residuals  	 - 	 2 1.17033e+07 489242 4.89094 5 
Velocity Residuals  	 - 	 2 0.208032 1.38298e-11 122647 4 
10.0002 9.46593e-06 2 0 2 4194304 9.42721 1.46822e+07

Pressure Residuals  	 - 	 2 1.36726e+07 632545 4.64922 5 
Velocity Residuals  	 - 	 2 0.210526 1.20005e-11 132450 4 
10.0002 9.58425e-06 2 0 2 4194304 9.65228 1.47744e+07

Pressure Residuals  	 - 	 2 3.09053e+07 598879 7.18368 5 
Velocity Residuals  	 - 	 2 0.216581 1.07238e-11 142114 4 
10.0003 9.58425e-06 2 0 2 4194304 9.87792 1.48615e+07

Pressure Residuals  	 - 	 2 3.08227e+07 598143 7.17849 5 
Velocity Residuals  	 - 	 2 0.214923 1.52733e-11 118625 4 
10.0003 9.58425e-06 2 0 2 4194304 10.1032 1.49453e+07

Pressure Residuals  	 - 	 2 3.10095e+07 594302 7.22343 5 
Velocity Residuals  	 - 	 2 0.230117 1.76588e-11 114155 4 
10.0003 9.58425e-06 2 0 2 4194304 10.3297 1.50235e+07

Pressure Residuals  	 - 	 2 2.48486e+07 172546 12.0005 5 
Velocity Residuals  	 - 	 2 0.27189 1.33834e-11 142532 4 
10.0003 9.71204e-06 3 0 2 4194304 10.5629 1.5089e+07

Pressure Residuals  	 - 	 3 3.32707e+07 338829 4.61346 4 
Velocity Residuals  	 - 	 2 0.330206 1.31108e-11 158700 4 
10.0003 9.71204e-06 3 0 2 4194304 10.7925 1.51567e+07

Pressure Residuals  	 - 	 3 3.14453e+07 173010 5.66449 4 
Velocity Residuals  	 - 	 2 0.376428 1.47923e-11 159523 4 
10.0003 9.71204e-06 2 0 2 4194304 11.013 1.5234e+07

Pressure Residuals  	 - 	 2 3.00217e+07 816526 6.06363 4 
Velocity Residuals  	 - 	 2 0.419761 1.62612e-11 160666 4 
10.0003 9.71204e-06 2 0 2 4194304 11.2256 1.53192e+07

Pressure Residuals  	 - 	 2 1.35459e+07 262328 7.18591 4 
Velocity Residuals  	 - 	 2 0.445952 1.74325e-11 159943 4 
10.0003 9.71204e-06 3 0 2 4194304 11.4561 1.5377e+07

Pressure Residuals  	 - 	 3 2.30568e+07 119309 5.78152 4 
Velocity Residuals  	 - 	 2 0.455496 1.8785e-11 155717 4 
10.0003 9.71204e-06 3 0 2 4194304 11.6933 1.54238e+07

Pressure Residuals  	 - 	 3 1.57803e+07 84381.1 5.7186 5 
Velocity Residuals  	 - 	 2 0.452296 1.96458e-11 151732 4 
10.0003 9.71204e-06 3 0 2 4194304 11.9427 1.54529e+07

Pressure Residuals  	 - 	 3 4.47115e+07 82940.7 8.13862 5 
Velocity Residuals  	 - 	 2 0.448706 2.08976e-11 146532 4 
10.0003 9.857e-06 2 0 2 4194304 12.1661 1.55139e+07

Pressure Residuals  	 - 	 2 4.46823e+07 632518 8.40488 4 
Velocity Residuals  	 - 	 2 0.453669 2.45748e-11 135870 4 
10.0004 9.857e-06 2 0 2 4194304 12.3905 1.55714e+07

Pressure Residuals  	 - 	 2 4.48898e+07 510933 9.37328 4 
Velocity Residuals  	 - 	 2 0.440997 2.56172e-11 131206 4 
10.0004 9.857e-06 3 0 2 4194304 12.6241 1.56156e+07

Pressure Residuals  	 - 	 3 4.47497e+07 400540 4.81631 3 
Velocity Residuals  	 - 	 2 0.374183 2.80767e-11 115443 4 
10.0004 9.857e-06 3 0 2 4194304 12.8586 1.56569e+07

Pressure Residuals  	 - 	 3 4.53222e+07 208214 6.01543 4 
Velocity Residuals  	 - 	 2 0.266355 3.23605e-11 90724.1 4 
10.0004 9.857e-06 3 0 2 4194304 13.0922 1.5698e+07

Pressure Residuals  	 - 	 3 3.42574e+07 210354 5.46094 4 
Velocity Residuals  	 - 	 2 0.194841 3.84289e-11 71205.2 4 
10.0004 9.857e-06 3 0 2 4194304 13.3245 1.57391e+07

Pressure Residuals  	 - 	 3 3.32139e+07 221866 5.30978 4 
Velocity Residuals  	 - 	 2 0.201125 3.81932e-11 72567.1 4 
10.0004 9.857e-06 3 0 2 4194304 13.5483 1.57887e+07

Pressure Residuals  	 - 	 3 2.29144e+07 154960 5.28806 4 
Velocity Residuals  	 - 	 2 0.206627 3.9472e-11 72351.7 4 
10.0004 9.857e-06 3 0 2 4194304 13.7823 1.58249e+07

Pressure Residuals  	 - 	 3 2.19967e+07 154489 5.2218 4 
Velocity Residuals  	 - 	 2 0.208865 3.9188e-11 73005.6 4 
10.0004 9.857e-06 2 0 2 4194304 13.9936 1.58857e+07

Pressure Residuals  	 - 	 2 1.61849e+07 386223 6.47344 4 
Velocity Residuals  	 - 	 2 0.209572 3.83428e-11 73930.7 4 
10.0004 9.857e-06 2 0 2 4194304 14.2201 1.59277e+07

Pressure Residuals  	 - 	 2 1.51011e+07 718815 4.58349 5 
Velocity Residuals  	 - 	 2 0.21069 2.96607e-11 84281.3 4 
10.0004 9.857e-06 2 0 2 4194304 14.4518 1.59625e+07

Pressure Residuals  	 - 	 2 3.24556e+07 294778 10.4929 5 
Velocity Residuals  	 - 	 2 0.210524 3.02688e-11 83397.5 4 
10.0005 9.857e-06 2 0 2 4194304 14.6737 1.60069e+07

Pressure Residuals  	 - 	 2 3.23838e+07 871615 6.09539 5 
Velocity Residuals  	 - 	 2 0.212954 3.59895e-11 76922.7 4 
10.0005 9.857e-06 2 0 2 4194304 14.8991 1.60463e+07

Pressure Residuals  	 - 	 2 3.23996e+07 543312 7.72228 5 
Velocity Residuals  	 - 	 2 0.214371 4.26558e-11 70891.5 4 
10.0005 9.857e-06 2 0 2 4194304 15.1234 1.60857e+07

Pressure Residuals  	 - 	 2 1.59275e+07 555693 5.35372 5 
Velocity Residuals  	 - 	 2 0.21857 2.96278e-11 85890.5 4 
10.0005 9.857e-06 2 0 2 4194304 15.346 1.61257e+07

Pressure Residuals  	 - 	 2 1.60547e+07 414295 6.2251 5 
Velocity Residuals  	 - 	 2 0.221384 2.48546e-11 94377.7 4 
10.0005 9.857e-06 3 0 2 4194304 15.5878 1.61445e+07

Pressure Residuals  	 - 	 3 3.3468e+07 147525 6.09894 5 
Velocity Residuals  	 - 	 2 0.226213 1.96867e-11 107194 4 
10.0005 9.857e-06 2 0 2 4194304 15.8076 1.61854e+07

Pressure Residuals  	 - 	 2 3.02814e+07 596011 7.12788 5 
Velocity Residuals  	 - 	 2 0.230189 1.98984e-11 107556 4 
10.0005 9.857e-06 2 0 2 4194304 16.0237 1.62289e+07

Pressure Residuals  	 - 	 2 1.40625e+07 540980 5.09847 5 
Velocity Residuals  	 - 	 2 0.232912 2.20367e-11 102807 4 
10.0005 9.857e-06 2 0 2 4194304 16.246 1.6265e+07

Pressure Residuals  	 - 	 2 1.69218e+07 588489 5.36234 5 
Velocity Residuals  	 - 	 2 0.237607 2.31404e-11 101331 4 
10.0005 9.857e-06 2 0 2 4194304 16.4763 1.62922e+07

Pressure Residuals  	 - 	 2 2.35085e+07 711944 5.74631 5 
Velocity Residuals  	 - 	 2 0.236829 2.36748e-11 100017 4 
10.0005 9.857e-06 2 0 2 4194304 16.7003 1.63249e+07

Pressure Residuals  	 - 	 2 4.48243e+07 589885 8.71713 5 
Velocity Residuals  	 - 	 2 0.241463 2.35071e-11 101350 4 
10.0006 9.857e-06 2 0 2 4194304 16.9171 1.63636e+07

Pressure Residuals  	 - 	 2 4.47987e+07 394670 10.6541 5 
Velocity Residuals  	 - 	 2 0.23642 2.31637e-11 101027 4 
10.0006 9.857e-06 2 0 2 4194304 17.1397 1.63957e+07

Pressure Residuals  	 - 	 2 4.48994e+07 592870 8.70242 5 
Velocity Residuals  	 - 	 2 0.239437 1.88838e-11 112603 4 
10.0006 9.857e-06 2 0 2 4194304 17.3723 1.64176e+07

Pressure Residuals  	 - 	 2 4.49007e+07 479452 9.6773 5 
Velocity Residuals  	 - 	 2 0.231082 2.02732e-11 106763 4 
10.0006 9.857e-06 2 0 2 4194304 17.5954 1.64478e+07

Pressure Residuals  	 - 	 2 4.53094e+07 715504 7.95771 5 
Velocity Residuals  	 - 	 2 0.231367 2.2879e-11 100562 4 
10.0006 9.857e-06 2 0 2 4194304 17.8177 1.64781e+07

Pressure Residuals  	 - 	 2 2.22396e+07 721139 5.55334 5 
Velocity Residuals  	 - 	 2 0.221362 2.35741e-11 96902.2 4 
10.0006 9.857e-06 2 0 2 4194304 18.0395 1.6508e+07

Pressure Residuals  	 - 	 2 2.16301e+07 702531 5.54877 5 
Velocity Residuals  	 - 	 2 0.219325 1.95212e-11 105996 4 
10.0006 9.857e-06 2 0 2 4194304 18.2672 1.65318e+07

Pressure Residuals  	 - 	 2 1.41624e+07 364036 6.23729 5 
Velocity Residuals  	 - 	 2 0.209389 2.08183e-11 100289 4 
10.0006 9.857e-06 2 0 2 4194304 18.4883 1.6561e+07

Pressure Residuals  	 - 	 2 2.25816e+07 294894 8.75074 5 
Velocity Residuals  	 - 	 2 0.20663 2.06294e-11 100081 4 
10.0006 9.857e-06 2 0 2 4194304 18.7128 1.65864e+07

Pressure Residuals  	 - 	 2 1.2421e+07 352078 5.93961 5 
Velocity Residuals  	 - 	 2 0.198117 2.00378e-11 99434.3 4 
10.0006 9.857e-06 2 0 2 4194304 18.9396 1.66092e+07

Pressure Residuals  	 - 	 2 1.22196e+07 230480 7.28134 5 
Velocity Residuals  	 - 	 2 0.196318 1.65616e-11 108875 4 
10.0007 9.857e-06 3 0 2 4194304 19.18 1.66198e+07

Pressure Residuals  	 - 	 3 3.20973e+07 248625 5.05407 4 
Velocity Residuals  	 - 	 2 0.190041 1.32066e-11 119958 4 
10.0007 9.857e-06 3 0 2 4194304 19.4125 1.66368e+07

Pressure Residuals  	 - 	 3 3.19343e+07 311997 4.67774 4 
Velocity Residuals  	 - 	 2 0.190288 1.75229e-11 104208 4 
10.0007 9.857e-06 3 0 2 4194304 19.6386 1.66588e+07

Pressure Residuals  	 - 	 3 3.20912e+07 317098 4.66012 4 
Velocity Residuals  	 - 	 2 0.186457 2.0983e-11 94266.3 4 
10.0007 9.857e-06 2 0 2 4194304 19.8585 1.66855e+07

Pressure Residuals  	 - 	 2 1.55396e+07 640418 4.92593 5 
Velocity Residuals  	 - 	 2 0.189037 1.74846e-11 103979 4 
10.0007 9.857e-06 2 0 2 4194304 20.0838 1.67073e+07

Pressure Residuals  	 - 	 2 1.236e+07 412828 5.47174 5 
Velocity Residuals  	 - 	 2 0.187164 1.42367e-11 114658 4 
10.0007 9.857e-06 3 0 2 4194304 20.3218 1.6718e+07

Pressure Residuals  	 - 	 3 3.19866e+07 248209 5.05107 4 
Velocity Residuals  	 - 	 2 0.191923 1.61299e-11 109081 4 
10.0007 9.857e-06 3 0 2 4194304 20.5551 1.67322e+07

Pressure Residuals  	 - 	 3 3.35003e+07 276185 4.95013 4 
Velocity Residuals  	 - 	 2 0.191213 1.79417e-11 103235 4 
10.0007 9.857e-06 2 0 2 4194304 20.7762 1.6756e+07

Pressure Residuals  	 - 	 2 1.35529e+07 250775 7.35147 4 
Velocity Residuals  	 - 	 2 0.197684 1.92598e-11 101312 4 
10.0007 9.857e-06 3 0 2 4194304 21.0108 1.67686e+07

Pressure Residuals  	 - 	 3 1.68564e+07 79864.6 5.95393 5 
Velocity Residuals  	 - 	 2 0.197383 2.06163e-11 97847.2 4 
10.0007 9.857e-06 3 0 2 4194304 21.2449 1.67812e+07

Pressure Residuals  	 - 	 3 1.58035e+07 91052.7 5.57811 5 
Velocity Residuals  	 - 	 2 0.204567 2.20392e-11 96342.9 4 
10.0008 9.857e-06 3 0 2 4194304 21.4893 1.67855e+07

Pressure Residuals  	 - 	 3 4.50056e+07 92925.1 7.85316 5 
Velocity Residuals  	 - 	 2 0.20359 2.30216e-11 94039.5 4 
10.0008 9.857e-06 2 0 2 4194304 21.7112 1.68072e+07

Pressure Residuals  	 - 	 2 4.4858e+07 583286 8.76959 4 
Velocity Residuals  	 - 	 2 0.210626 2.43515e-11 93002.1 4 
10.0008 9.857e-06 2 0 2 4194304 21.9315 1.68296e+07

Pressure Residuals  	 - 	 2 4.50078e+07 567437 8.90605 4 
Velocity Residuals  	 - 	 2 0.208366 2.57716e-11 89917.1 4 
10.0008 9.857e-06 2 0 2 4194304 22.154 1.68499e+07

Pressure Residuals  	 - 	 2 4.49887e+07 552991 9.01971 4 
Velocity Residuals  	 - 	 2 0.214574 2.81646e-11 87284.4 4 
10.0008 9.857e-06 3 0 2 4194304 22.3891 1.68603e+07

Pressure Residuals  	 - 	 3 4.5474e+07 231875 5.80991 4 
Velocity Residuals  	 - 	 2 0.210913 3.23625e-11 80729.1 4 
10.0008 9.857e-06 3 0 2 4194304 22.6297 1.68664e+07

Pressure Residuals  	 - 	 3 2.19826e+07 257598 4.40263 4 
Velocity Residuals  	 - 	 2 0.215984 3.83835e-11 75013.3 4 
10.0008 9.857e-06 3 0 2 4194304 22.8679 1.68741e+07

Pressure Residuals  	 - 	 3 2.1751e+07 230955 4.54971 4 
Velocity Residuals  	 - 	 2 0.211227 3.90144e-11 73580.3 4 
10.0008 9.857e-06 3 0 2 4194304 23.097 1.68884e+07

Pressure Residuals  	 - 	 3 1.41759e+07 232612 3.93525 4 
Velocity Residuals  	 - 	 2 0.215125 4.00163e-11 73320.7 4 
10.0008 9.857e-06 3 0 2 4194304 23.3329 1.68974e+07

Pressure Residuals  	 - 	 3 2.1996e+07 420726 3.73923 3 
Velocity Residuals  	 - 	 2 0.209701 3.9769e-11 72615.3 4 
10.0008 9.857e-06 2 0 2 4194304 23.5522 1.69181e+07

Pressure Residuals  	 - 	 2 1.25354e+07 576020 4.66498 4 
Velocity Residuals  	 - 	 2 0.212622 3.93523e-11 73505.3 4 
10.0009 9.857e-06 2 0 2 4194304 23.773 1.69374e+07

Pressure Residuals  	 - 	 2 1.26701e+07 408493 5.56925 4 
Velocity Residuals  	 - 	 2 0.206964 2.97513e-11 83405.3 4 
10.0009 9.857e-06 3 0 2 4194304 23.9988 1.69528e+07

Pressure Residuals  	 - 	 3 3.19815e+07 220607 5.25323 4 
Velocity Residuals  	 - 	 2 0.209225 3.03561e-11 83020.3 4 
10.0009 9.857e-06 3 0 2 4194304 24.2238 1.69685e+07

Pressure Residuals  	 - 	 3 3.20078e+07 423816 4.22694 3 
Velocity Residuals  	 - 	 2 0.203684 3.59703e-11 75250 4 
10.0009 9.857e-06 3 0 2 4194304 24.4601 1.69761e+07

Pressure Residuals  	 - 	 3 3.20121e+07 429213 4.20934 3 
Velocity Residuals  	 - 	 2 0.205622 4.0349e-11 71386.9 4 
10.0009 9.857e-06 3 0 2 4194304 24.6893 1.69883e+07

Pressure Residuals  	 - 	 3 1.55093e+07 424485 3.31826 3 
Velocity Residuals  	 - 	 2 0.200451 3.15165e-11 79750.8 4 
10.0009 9.857e-06 2 0 2 4194304 24.9007 1.70125e+07

Pressure Residuals  	 - 	 2 1.23203e+07 1.0264e+06 3.4646 4 
Velocity Residuals  	 - 	 2 0.202402 2.55331e-11 89033.9 4 
10.0009 9.857e-06 3 0 2 4194304 25.1332 1.70221e+07

Pressure Residuals  	 - 	 3 3.20062e+07 180436 5.61872 4 
Velocity Residuals  	 - 	 2 0.197732 1.99413e-11 99577.6 4 
10.0009 9.857e-06 3 0 2 4194304 25.3669 1.70306e+07

Pressure Residuals  	 - 	 3 3.03363e+07 163614 5.70226 4 
Velocity Residuals  	 - 	 2 0.199929 2.01535e-11 99600.6 4 
10.0009 9.857e-06 3 0 2 4194304 25.6075 1.70344e+07

Pressure Residuals  	 - 	 3 3.33647e+07 448064 4.2071 3 
Velocity Residuals  	 - 	 2 0.195788 2.2582e-11 93113.3 4 
10.0009 9.857e-06 3 0 2 4194304 25.8368 1.70455e+07

Pressure Residuals  	 - 	 3 1.68273e+07 177562 4.5592 3 
Velocity Residuals  	 - 	 2 0.198367 2.36166e-11 91648.5 4 
10.001 9.857e-06 3 0 2 4194304 26.0686 1.70548e+07

Pressure Residuals  	 - 	 3 1.58632e+07 234331 4.07555 3 
Velocity Residuals  	 - 	 2 0.194702 2.44184e-11 89294.9 4 
10.001 9.857e-06 3 0 2 4194304 26.2836 1.70749e+07

Pressure Residuals  	 - 	 3 4.49597e+07 438872 4.6791 2 
Velocity Residuals  	 - 	 2 0.197699 2.42215e-11 90344.6 4 
10.001 9.857e-06 3 0 2 4194304 26.5048 1.70907e+07

Pressure Residuals  	 - 	 3 4.48784e+07 745692 3.91886 2 
Velocity Residuals  	 - 	 2 0.194403 2.43948e-11 89269.4 4 
10.001 9.857e-06 3 0 2 4194304 26.7244 1.71072e+07

Pressure Residuals  	 - 	 3 4.49331e+07 368379 4.95934 3 
Velocity Residuals  	 - 	 2 0.197781 1.88126e-11 102534 4 
10.001 9.857e-06 3 0 2 4194304 26.9566 1.71154e+07

Pressure Residuals  	 - 	 3 4.50179e+07 256420 5.59944 3 
Velocity Residuals  	 - 	 2 0.194699 2.04828e-11 97496.1 4 
10.001 9.857e-06 3 0 2 4194304 27.1821 1.71277e+07

Pressure Residuals  	 - 	 3 4.52767e+07 290819 5.37961 3 
Velocity Residuals  	 - 	 2 0.19837 2.29009e-11 93070.4 4 
10.001 9.90099e-06 3 0 2 4194304 27.4937 1.70862e+07

Pressure Residuals  	 - 	 3 2.20511e+07 498431 3.53678 3 
Velocity Residuals  	 - 	 2 0.196959 2.53796e-11 88093.9 4 
10.001 9.90099e-06 3 0 2 4194304 27.7261 1.70942e+07

Pressure Residuals  	 - 	 3 2.18236e+07 248573 4.44451 3 
Velocity Residuals  	 - 	 2 0.200312 2.04849e-11 98886.3 4 
10.001 9.90099e-06 3 0 2 4194304 27.9636 1.70991e+07

Pressure Residuals  	 - 	 3 1.40702e+07 238773 3.89139 3 
Velocity Residuals  	 - 	 2 0.197371 2.16585e-11 95461.3 4 
10.001 9.90099e-06 3 0 2 4194304 28.193 1.71087e+07

Pressure Residuals  	 - 	 3 2.2214e+07 217754 4.67254 3 
Velocity Residuals  	 - 	 2 0.201415 2.14854e-11 96822.1 4 
10.001 9.90099e-06 3 0 2 4194304 28.4164 1.71218e+07

Pressure Residuals  	 - 	 3 1.24723e+07 243938 3.71155 3 
Velocity Residuals  	 - 	 2 0.198292 2.08718e-11 97470.6 4 
10.0011 9.90099e-06 2 0 2 4194304 28.6426 1.7133e+07

Pressure Residuals  	 - 	 2 1.22754e+07 786853 3.94976 3 
Velocity Residuals  	 - 	 2 0.202285 1.6789e-11 109766 4 
10.0011 9.90099e-06 3 0 2 4194304 28.8739 1.7141e+07

Pressure Residuals  	 - 	 3 3.21306e+07 267311 4.93516 3 
Velocity Residuals  	 - 	 2 0.198981 1.36803e-11 120603 4 
10.0011 9.90099e-06 3 0 2 4194304 29.1057 1.71486e+07

Pressure Residuals  	 - 	 3 3.19862e+07 265352 4.93984 3 
Velocity Residuals  	 - 	 2 0.202896 1.81614e-11 105697 4 
10.0011 9.90099e-06 3 0 2 4194304 29.3295 1.71608e+07

Pressure Residuals  	 - 	 3 3.20928e+07 387215 4.35998 3 
Velocity Residuals  	 - 	 2 0.199432 2.1807e-11 95631 4 
10.0011 9.90099e-06 3 0 2 4194304 29.5575 1.71703e+07

Pressure Residuals  	 - 	 3 1.55519e+07 267248 3.87517 3 
Velocity Residuals  	 - 	 2 0.20324 1.78729e-11 106637 4 
10.0011 9.90099e-06 3 0 2 4194304 29.7833 1.71809e+07

Pressure Residuals  	 - 	 3 1.25257e+07 325109 3.37747 3 
Velocity Residuals  	 - 	 2 0.199644 1.47956e-11 116161 4 
10.0011 9.90099e-06 3 0 2 4194304 30.0058 1.71933e+07

Pressure Residuals  	 - 	 3 3.20139e+07 267344 4.92897 3 
Velocity Residuals  	 - 	 2 0.203359 1.66665e-11 110461 4 
10.0011 9.90099e-06 3 0 2 4194304 30.2277 1.72059e+07

Pressure Residuals  	 - 	 3 3.0311e+07 342833 4.45491 3 
Velocity Residuals  	 - 	 2 0.199676 1.85518e-11 103746 4 
10.0011 9.90099e-06 2 0 2 4194304 30.4492 1.72185e+07

Pressure Residuals  	 - 	 2 1.34786e+07 427446 5.61541 4 
Velocity Residuals  	 - 	 2 0.203317 2.00526e-11 100694 4 
10.0011 9.90099e-06 3 0 2 4194304 30.6908 1.72195e+07

Pressure Residuals  	 - 	 3 3.33567e+07 399806 4.36963 4 
Velocity Residuals  	 - 	 2 0.199598 2.1489e-11 96376.2 4 
10.0012 9.90099e-06 3 0 2 4194304 30.9284 1.72229e+07

Pressure Residuals  	 - 	 3 1.57988e+07 121488 5.06637 4 
Velocity Residuals  	 - 	 2 0.203195 2.25862e-11 94849.3 4 
10.0012 9.90099e-06 3 0 2 4194304 31.1698 1.72241e+07

Pressure Residuals  	 - 	 3 4.48938e+07 141090 6.827 4 
Velocity Residuals  	 - 	 2 0.199468 2.38835e-11 91387.6 4 
10.0012 9.90099e-06 3 0 2 4194304 31.4024 1.72301e+07

Pressure Residuals  	 - 	 3 4.48088e+07 140994 6.82424 4 
Velocity Residuals  	 - 	 2 0.203062 2.52284e-11 89715.9 4 
10.0012 9.90099e-06 2 0 2 4194304 31.6237 1.72421e+07

Pressure Residuals  	 - 	 2 4.48845e+07 799051 7.49482 4 
Velocity Residuals  	 - 	 2 0.199352 2.67266e-11 86365.3 4 
10.0012 9.90099e-06 2 0 2 4194304 31.8389 1.72573e+07

Pressure Residuals  	 - 	 2 4.49353e+07 558537 8.96949 4 
Velocity Residuals  	 - 	 2 0.202974 2.91901e-11 83387.9 4 
10.0012 9.90099e-06 3 0 2 4194304 32.067 1.72654e+07

Pressure Residuals  	 - 	 3 4.53398e+07 209364 6.00518 4 
Velocity Residuals  	 - 	 2 0.199283 3.37535e-11 76838 4 
10.0012 9.90099e-06 3 0 2 4194304 32.3059 1.72675e+07

Pressure Residuals  	 - 	 3 2.20351e+07 150630 5.26907 5 
Velocity Residuals  	 - 	 2 0.202928 4.00293e-11 71200.3 4 
10.0012 9.90099e-06 3 0 2 4194304 32.5518 1.72659e+07

Pressure Residuals  	 - 	 3 2.17453e+07 132514 5.4748 5 
Velocity Residuals  	 - 	 2 0.199282 3.97296e-11 70823.4 4 
10.0012 9.90099e-06 2 0 2 4194304 32.7779 1.72748e+07

Pressure Residuals  	 - 	 2 1.41365e+07 684571 4.54424 5 
Velocity Residuals  	 - 	 2 0.202971 4.09851e-11 70372.8 4 
10.0012 9.90099e-06 2 0 2 4194304 32.9913 1.72902e+07

Pressure Residuals  	 - 	 2 2.21444e+07 586939 6.14237 5 
Velocity Residuals  	 - 	 2 0.199348 4.26485e-11 68368.2 4 
10.0013 9.90099e-06 2 0 2 4194304 33.2047 1.73054e+07

Pressure Residuals  	 - 	 2 1.23331e+07 197586 7.90054 5 
Velocity Residuals  	 - 	 2 0.20308 4.15261e-11 69931.5 4 
10.0013 9.90099e-06 2 0 2 4194304 33.4317 1.73133e+07

Pressure Residuals  	 - 	 2 1.35567e+07 592155 4.78475 5 
Velocity Residuals  	 - 	 2 0.199458 2.96284e-11 82048.7 4 
10.0013 9.90099e-06 2 0 2 4194304 33.6533 1.7324e+07

Pressure Residuals  	 - 	 2 3.19864e+07 270476 10.8747 5 
Velocity Residuals  	 - 	 2 0.203227 3.17566e-11 79996.9 4 
10.0013 9.90099e-06 2 0 2 4194304 33.8838 1.73299e+07

Pressure Residuals  	 - 	 2 3.19625e+07 583188 7.40315 5 
Velocity Residuals  	 - 	 2 0.199608 3.78289e-11 72640.2 4 
10.0013 9.90099e-06 2 0 2 4194304 34.1076 1.73391e+07

Pressure Residuals  	 - 	 2 3.19947e+07 582093 7.41384 5 
Velocity Residuals  	 - 	 2 0.203401 4.27498e-11 68977.9 4 
10.0013 9.90099e-06 2 0 2 4194304 34.3309 1.73486e+07

Pressure Residuals  	 - 	 2 1.55099e+07 778219 4.46431 5 
Velocity Residuals  	 - 	 2 0.199772 3.117e-11 80056.9 4 
10.0013 9.90099e-06 2 0 2 4194304 34.5639 1.73529e+07

Pressure Residuals  	 - 	 2 1.24356e+07 400830 5.56998 5 
Velocity Residuals  	 - 	 2 0.203583 2.57643e-11 88891.7 4 
10.0013 9.90099e-06 3 0 2 4194304 34.8067 1.73524e+07

Pressure Residuals  	 - 	 3 3.19066e+07 135365 6.17719 5 
Velocity Residuals  	 - 	 2 0.199938 2.00983e-11 99739.7 4 
10.0013 9.90099e-06 2 0 2 4194304 35.0257 1.73636e+07

Pressure Residuals  	 - 	 2 3.04048e+07 590307 7.17682 5 
Velocity Residuals  	 - 	 2 0.203754 2.06792e-11 99262.7 4 
10.0013 9.90099e-06 2 0 2 4194304 35.2452 1.73745e+07

Pressure Residuals  	 - 	 2 1.35228e+07 573453 4.85605 5 
Velocity Residuals  	 - 	 2 0.200096 2.28885e-11 93499.7 4 
10.0014 9.90099e-06 2 0 2 4194304 35.4757 1.73798e+07

Pressure Residuals  	 - 	 2 1.68885e+07 572987 5.42904 5 
Velocity Residuals  	 - 	 2 0.20392 2.39429e-11 92287.2 4 
10.0014 9.90099e-06 2 0 2 4194304 35.7012 1.73876e+07

Pressure Residuals  	 - 	 2 3.31926e+07 575109 7.59706 5 
Velocity Residuals  	 - 	 2 0.200235 2.45673e-11 90279.9 4 
10.0014 9.90099e-06 2 0 2 4194304 35.927 1.7395e+07

Pressure Residuals  	 - 	 2 4.4916e+07 570630 8.87203 5 
Velocity Residuals  	 - 	 2 0.204062 2.43523e-11 91540 4 
10.0014 9.90099e-06 2 0 2 4194304 36.1514 1.74031e+07

Pressure Residuals  	 - 	 2 4.48589e+07 392749 10.6873 5 
Velocity Residuals  	 - 	 2 0.20036 2.38773e-11 91603.6 4 
10.0014 9.90099e-06 2 0 2 4194304 36.377 1.74105e+07

Pressure Residuals  	 - 	 2 4.48858e+07 604947 8.61382 5 
Velocity Residuals  	 - 	 2 0.204189 1.94714e-11 102404 4 
10.0014 9.90099e-06 3 0 2 4194304 36.6129 1.74128e+07

Pressure Residuals  	 - 	 3 4.49682e+07 113685 7.34064 4 
Velocity Residuals  	 - 	 2 0.200473 2.12175e-11 97203.2 4 
10.0014 9.90099e-06 3 0 2 4194304 36.8388 1.74199e+07

Pressure Residuals  	 - 	 3 4.53329e+07 131810 7.0063 4 
Velocity Residuals  	 - 	 2 0.204301 2.40427e-11 92181.3 4 
[2026-06-23T21:11:47.263] error: *** JOB 35592744 ON c0709a-s30 CANCELLED AT 2026-06-23T21:11:47 DUE to SIGNAL Terminated ***
